0 info it worked if it ends with ok
1 verbose cli [ '/usr/local/Cellar/nvm/0.26.1/versions/node/v5.3.0/bin/node',
1 verbose cli   '/usr/local/opt/nvm/versions/node/v5.3.0/bin/npm',
1 verbose cli   'start' ]
2 info using npm@3.5.3
3 info using node@v5.3.0
4 verbose stack Error: missing script: start
4 verbose stack     at run (/usr/local/Cellar/nvm/0.26.1/versions/node/v5.3.0/lib/node_modules/npm/lib/run-script.js:147:19)
4 verbose stack     at /usr/local/Cellar/nvm/0.26.1/versions/node/v5.3.0/lib/node_modules/npm/lib/run-script.js:57:5
4 verbose stack     at /usr/local/Cellar/nvm/0.26.1/versions/node/v5.3.0/lib/node_modules/npm/node_modules/read-package-json/read-json.js:345:5
4 verbose stack     at checkBinReferences_ (/usr/local/Cellar/nvm/0.26.1/versions/node/v5.3.0/lib/node_modules/npm/node_modules/read-package-json/read-json.js:309:45)
4 verbose stack     at final (/usr/local/Cellar/nvm/0.26.1/versions/node/v5.3.0/lib/node_modules/npm/node_modules/read-package-json/read-json.js:343:3)
4 verbose stack     at then (/usr/local/Cellar/nvm/0.26.1/versions/node/v5.3.0/lib/node_modules/npm/node_modules/read-package-json/read-json.js:113:5)
4 verbose stack     at ReadFileContext.<anonymous> (/usr/local/Cellar/nvm/0.26.1/versions/node/v5.3.0/lib/node_modules/npm/node_modules/read-package-json/read-json.js:178:20)
4 verbose stack     at ReadFileContext.callback (/usr/local/Cellar/nvm/0.26.1/versions/node/v5.3.0/lib/node_modules/npm/node_modules/graceful-fs/graceful-fs.js:76:16)
4 verbose stack     at FSReqWrap.readFileAfterOpen [as oncomplete] (fs.js:324:13)
5 verbose cwd /Users/chacha/Documents/MapLight/repos/votersedge/voting-info
6 error Darwin 14.5.0
7 error argv "/usr/local/Cellar/nvm/0.26.1/versions/node/v5.3.0/bin/node" "/usr/local/opt/nvm/versions/node/v5.3.0/bin/npm" "start"
8 error node v5.3.0
9 error npm  v3.5.3
10 error missing script: start
11 error If you need help, you may report this error at:
11 error     <https://github.com/npm/npm/issues>
12 verbose exit [ 1, true ]
